<?xml version="1.0" encoding="UTF-8"?>
<testng-results ignored="0" total="2" passed="2" failed="0" skipped="0">
  <reporter-output>
  </reporter-output>
  <suite started-at="2025-06-24T20:30:33 IST" name="Suite" finished-at="2025-06-24T20:31:31 IST" duration-ms="58399">
    <groups>
    </groups>
    <test started-at="2025-06-24T20:30:33 IST" name="Test" finished-at="2025-06-24T20:31:31 IST" duration-ms="58399">
      <class name="PuneriPatternValidation.ValidateAboutUsPage">
        <test-method signature="validateAboutPage()[pri:0, instance:PuneriPatternValidation.ValidateAboutUsPage@7cc0cdad]" started-at="2025-06-24T20:30:55 IST" name="validateAboutPage" finished-at="2025-06-24T20:31:31 IST" duration-ms="35958" status="PASS">
          <reporter-output>
          </reporter-output>
        </test-method> <!-- validateAboutPage -->
      </class> <!-- PuneriPatternValidation.ValidateAboutUsPage -->
      <class name="PuneriPatternValidation.validateHomePage">
        <test-method signature="validateAboutPage()[pri:0, instance:PuneriPatternValidation.validateHomePage@6302bbb1]" started-at="2025-06-24T20:30:33 IST" name="validateAboutPage" finished-at="2025-06-24T20:30:55 IST" duration-ms="22280" status="PASS">
          <reporter-output>
          </reporter-output>
        </test-method> <!-- validateAboutPage -->
      </class> <!-- PuneriPatternValidation.validateHomePage -->
    </test> <!-- Test -->
  </suite> <!-- Suite -->
</testng-results>
